#
# There is insufficient memory for the Java Runtime Environment to continue.
# Native memory allocation (malloc) failed to allocate 1048576 bytes for AllocateHeap
# Possible reasons:
#   The system is out of physical RAM or swap space
#   The process is running with CompressedOops enabled, and the Java Heap may be blocking the growth of the native heap
# Possible solutions:
#   Reduce memory load on the system
#   Increase physical memory or swap space
#   Check if swap backing store is full
#   Decrease Java heap size (-Xmx/-Xms)
#   Decrease number of Java threads
#   Decrease Java thread stack sizes (-Xss)
#   Set larger code cache with -XX:ReservedCodeCacheSize=
#   JVM is running with Unscaled Compressed Oops mode in which the Java heap is
#     placed in the first 4GB address space. The Java Heap base address is the
#     maximum limit for the native heap growth. Please use -XX:HeapBaseMinAddress
#     to set the Java Heap base and to place the Java Heap above 4GB virtual address.
# This output file may be truncated or incomplete.
#
#  Out of Memory Error (memory/allocation.inline.hpp:61), pid=21396, tid=0x0000000000004310
#
# JRE version:  (8.0_202-b49) (build )
# Java VM: OpenJDK 64-Bit Server VM (25.202-b49 mixed mode windows-amd64 compressed oops)
# Failed to write core dump. Minidumps are not enabled by default on client versions of Windows
#

---------------  T H R E A D  ---------------

Current thread (0x0000000002892800):  JavaThread "Unknown thread" [_thread_in_vm, id=17168, stack(0x00000000026f0000,0x00000000027f0000)]

Stack: [0x00000000026f0000,0x00000000027f0000]
[error occurred during error reporting (printing stack bounds), id 0xc0000005]

Native frames: (J=compiled Java code, j=interpreted, Vv=VM code, C=native code)


---------------  P R O C E S S  ---------------

Java Threads: ( => current thread )

Other Threads:

=>0x0000000002892800 (exited) JavaThread "Unknown thread" [_thread_in_vm, id=17168, stack(0x00000000026f0000,0x00000000027f0000)]

VM state:not at safepoint (normal execution)

VM Mutex/Monitor currently owned by a thread: None

heap address: 0x0000000084000000, size: 1984 MB, Compressed Oops mode: 32-bit
Narrow klass base: 0x0000000000000000, Narrow klass shift: 3
Compressed class space size: 1073741824 Address: 0x0000000100000000

Heap:
 PSYoungGen      total 36864K, used 634K [0x00000000d6b00000, 0x00000000d9400000, 0x0000000100000000)
  eden space 31744K, 2% used [0x00000000d6b00000,0x00000000d6b9eb90,0x00000000d8a00000)
  from space 5120K, 0% used [0x00000000d8f00000,0x00000000d8f00000,0x00000000d9400000)
  to   space 5120K, 0% used [0x00000000d8a00000,0x00000000d8a00000,0x00000000d8f00000)
 ParOldGen       total 84992K, used 0K [0x0000000084000000, 0x0000000089300000, 0x00000000d6b00000)
  object space 84992K, 0% used [0x0000000084000000,0x0000000084000000,0x0000000089300000)
 Metaspace       used 777K, capacity 4480K, committed 4480K, reserved 1056768K
  class space    used 74K, capacity 384K, committed 384K, reserved 1048576K

Card table byte_map: [0x0000000011d50000,0x0000000012140000] byte_map_base: 0x0000000011930000

Marking Bits: (ParMarkBitMap*) 0x000000005c8c9f30
 Begin Bits: [0x0000000012be0000, 0x0000000014ae0000)
 End Bits:   [0x0000000014ae0000, 0x00000000169e0000)

Polling page: 0x0000000002690000

CodeCache: size=245760Kb used=328Kb max_used=328Kb free=245431Kb
 bounds [0x0000000002990000, 0x0000000002c00000, 0x0000000011990000]
 total_blobs=57 nmethods=0 adapters=38
 compilation: enabled

Compilation events (0 events):
No events

GC Heap History (0 events):
No events

Deoptimization events (0 events):
No events

Classes redefined (0 events):
No events

Internal exceptions (0 events):
No events

Events (10 events):
Event: 0.020 loading class java/lang/Short
Event: 0.020 loading class java/lang/Short done
Event: 0.020 loading class java/lang/Integer
Event: 0.020 loading class java/lang/Integer done
Event: 0.020 loading class java/lang/Long
Event: 0.020 loading class java/lang/Long done
Event: 0.021 loading class java/lang/NullPointerException
Event: 0.021 loading class java/lang/NullPointerException done
Event: 0.021 loading class java/lang/ArithmeticException
Event: 0.021 loading class java/lang/ArithmeticException done


Dynamic libraries:
0x00007ff73a8a0000 - 0x00007ff73a8d1000 	C:\Program Files\JetBrains\IntelliJ IDEA 2019.1.2\jre64\bin\java.exe
0x00007ffe76090000 - 0x00007ffe76288000 	C:\Windows\SYSTEM32\ntdll.dll
0x00007ffe74980000 - 0x00007ffe74a3d000 	C:\Windows\System32\KERNEL32.DLL
0x00007ffe737b0000 - 0x00007ffe73a7e000 	C:\Windows\System32\KERNELBASE.dll
0x00007ffe75650000 - 0x00007ffe756fe000 	C:\Windows\System32\ADVAPI32.dll
0x00007ffe75800000 - 0x00007ffe7589e000 	C:\Windows\System32\msvcrt.dll
0x00007ffe740f0000 - 0x00007ffe7418c000 	C:\Windows\System32\sechost.dll
0x00007ffe74db0000 - 0x00007ffe74ed5000 	C:\Windows\System32\RPCRT4.dll
0x00007ffe74a60000 - 0x00007ffe74c00000 	C:\Windows\System32\USER32.dll
0x00007ffe73f60000 - 0x00007ffe73f82000 	C:\Windows\System32\win32u.dll
0x00007ffe748f0000 - 0x00007ffe7491a000 	C:\Windows\System32\GDI32.dll
0x00007ffe73bf0000 - 0x00007ffe73cfb000 	C:\Windows\System32\gdi32full.dll
0x00007ffe73d00000 - 0x00007ffe73d9d000 	C:\Windows\System32\msvcp_win.dll
0x00007ffe73e60000 - 0x00007ffe73f60000 	C:\Windows\System32\ucrtbase.dll
0x00007ffe60e80000 - 0x00007ffe6111a000 	C:\Windows\WinSxS\amd64_microsoft.windows.common-controls_6595b64144ccf1df_6.0.19041.1110_none_60b5254171f9507e\COMCTL32.dll
0x00007ffe75620000 - 0x00007ffe75650000 	C:\Windows\System32\IMM32.DLL
0x000000005cb30000 - 0x000000005cb3c000 	C:\Program Files (x86)\360\Total Security\safemon\SafeWrapper.dll
0x00007ffe3fec0000 - 0x00007ffe3ff52000 	C:\Program Files (x86)\360\Total Security\safemon\libzdtp64.dll
0x00007ffe74190000 - 0x00007ffe748d3000 	C:\Windows\System32\SHELL32.dll
0x00007ffe757a0000 - 0x00007ffe757f5000 	C:\Windows\System32\SHLWAPI.dll
0x00007ffe73270000 - 0x00007ffe7327a000 	C:\Windows\SYSTEM32\VERSION.dll
0x000000005c020000 - 0x000000005c0f2000 	C:\Program Files\JetBrains\IntelliJ IDEA 2019.1.2\jre64\bin\msvcr100.dll
0x000000005c100000 - 0x000000005c946000 	C:\Program Files\JetBrains\IntelliJ IDEA 2019.1.2\jre64\bin\server\jvm.dll
0x00007ffe758a0000 - 0x00007ffe758a8000 	C:\Windows\System32\PSAPI.DLL
0x00007ffe5b4c0000 - 0x00007ffe5b4c9000 	C:\Windows\SYSTEM32\WSOCK32.dll
0x00007ffe75020000 - 0x00007ffe7508b000 	C:\Windows\System32\WS2_32.dll
0x00007ffe5cf30000 - 0x00007ffe5cf57000 	C:\Windows\SYSTEM32\WINMM.dll
0x00007ffe6eb10000 - 0x00007ffe6eb1f000 	C:\Program Files\JetBrains\IntelliJ IDEA 2019.1.2\jre64\bin\verify.dll
0x00007ffe5f970000 - 0x00007ffe5f999000 	C:\Program Files\JetBrains\IntelliJ IDEA 2019.1.2\jre64\bin\java.dll
0x00007ffe60e60000 - 0x00007ffe60e76000 	C:\Program Files\JetBrains\IntelliJ IDEA 2019.1.2\jre64\bin\zip.dll

VM Arguments:
java_command: org.jetbrains.git4idea.http.GitAskPassApp Username for 'https://github.com': 
java_class_path (initial): C:/Program Files/JetBrains/IntelliJ IDEA 2019.1.2/plugins/git4idea/lib/git4idea-rt.jar;C:/Program Files/JetBrains/IntelliJ IDEA 2019.1.2/lib/xmlrpc-2.0.1.jar;C:/Program Files/JetBrains/IntelliJ IDEA 2019.1.2/lib/commons-codec-1.10.jar;C:/Program Files/JetBrains/IntelliJ IDEA 2019.1.2/lib/util.jar
Launcher Type: SUN_STANDARD

Environment Variables:
PATH=C:/Program Files/Git/mingw64/libexec/git-core;C:/Program Files/Git/mingw64/libexec/git-core;C:\Program Files\Git\mingw64\bin;C:\Program Files\Git\usr\bin;C:\Users\CALYPSO\bin;C:\oraclexe\app\oracle\product\11.2.0\server\bin;;C:\Program Files (x86)\Common Files\Oracle\Java\javapath;C:\ProgramData\Oracle\Java\javapath;C:\Windows\system32;C:\Windows;C:\Windows\System32\Wbem;C:\Windows\System32\WindowsPowerShell\v1.0\;C:\Windows\System32\OpenSSH\;C:\xampp\php;C:\composer;C:\Program Files\Git\cmd;C:\Windows\system32\config\systemprofile\.dnx\bin;C:\Program Files\Microsoft DNX\Dnvm\;C:\Program Files\Microsoft SQL Server\120\Tools\Binn\;C:\Program Files\dotnet\;C:\Program Files\Microsoft SQL Server\130\Tools\Binn\;C:\Program Files\nodejs\;C:\Users\CALYPSO\AppData\Local\Programs\Python\Python39\Scripts\;C:\Users\CALYPSO\AppData\Local\Programs\Python\Python39\;C:\Users\CALYPSO\AppData\Local\Microsoft\WindowsApps;C:\Users\CALYPSO\AppData\Local\Programs\Microsoft VS Code\bin;C:\Program Files\JetBrains\PyCharm Community Edition 2021.1.3\bin;C:\Program Files\JetBrains\IntelliJ IDEA Community Edition 2021.1.3\bin;C:\xampp\mysql\bin;C:\Users\CALYPSO\AppData\Roaming\Composer\vendor\bin;C:\Program Files\nodejs\node_modules\npm\bin;C:\Program Files\JetBrains\IntelliJ IDEA 2019.1.2\bin;C:\Users\CALYPSO\.dotnet\tools;C:\Program Files\heroku\bin;C:\Users\CALYPSO\AppData\Local\Coursier\data\bin;C:\Users\CALYPSO\AppData\Roaming\npm;G:\Android\bin;G:\Licence3\spark-3.3.0-bin-hadoop3\bin;C:\Users\CALYPSO\AppData\Local\Android\Sdk\;G:\Licence3\hadoop-common-2.2.0-bin-master\bin\bin;
USERNAME=CALYPSO
DISPLAY=:0.0
OS=Windows_NT
PROCESSOR_IDENTIFIER=Intel64 Family 6 Model 126 Stepping 5, GenuineIntel



---------------  S Y S T E M  ---------------

OS: Windows 10.0 , 64 bit Build 19041 (10.0.19041.1889)

CPU:total 8 (initial active 8) (4 cores per cpu, 2 threads per core) family 6 model 126 stepping 5, cmov, cx8, fxsr, mmx, sse, sse2, sse3, ssse3, sse4.1, sse4.2, popcnt, avx, avx2, aes, clmul, erms, 3dnowpref, lzcnt, ht, tsc, tscinvbit, bmi1, bmi2, adx

Memory: 4k page, physical 8124788k(665924k free), swap 19411040k(5904k free)

vm_info: OpenJDK 64-Bit Server VM (25.202-b49) for windows-amd64 JRE (1.8.0_202-release-1483-b49), built on Apr 10 2019 16:54:32 by "builduser" with MS VC++ 10.0 (VS2010)

time: Tue Oct 18 17:46:32 2022
timezone: Afr. centrale Ouest
elapsed time: 0 seconds (0d 0h 0m 0s)

