#
# There is insufficient memory for the Java Runtime Environment to continue.
# Native memory allocation (malloc) failed to allocate 1048576 bytes for AllocateHeap
# Possible reasons:
#   The system is out of physical RAM or swap space
#   The process is running with CompressedOops enabled, and the Java Heap may be blocking the growth of the native heap
# Possible solutions:
#   Reduce memory load on the system
#   Increase physical memory or swap space
#   Check if swap backing store is full
#   Decrease Java heap size (-Xmx/-Xms)
#   Decrease number of Java threads
#   Decrease Java thread stack sizes (-Xss)
#   Set larger code cache with -XX:ReservedCodeCacheSize=
#   JVM is running with Unscaled Compressed Oops mode in which the Java heap is
#     placed in the first 4GB address space. The Java Heap base address is the
#     maximum limit for the native heap growth. Please use -XX:HeapBaseMinAddress
#     to set the Java Heap base and to place the Java Heap above 4GB virtual address.
# This output file may be truncated or incomplete.
#
#  Out of Memory Error (memory/allocation.inline.hpp:61), pid=28552, tid=0x0000000000006fa0
#
# JRE version:  (8.0_202-b49) (build )
# Java VM: OpenJDK 64-Bit Server VM (25.202-b49 mixed mode windows-amd64 compressed oops)
# Failed to write core dump. Minidumps are not enabled by default on client versions of Windows
#

---------------  T H R E A D  ---------------

Current thread (0x0000000002a83000):  JavaThread "Unknown thread" [_thread_in_vm, id=28576, stack(0x0000000002980000,0x0000000002a80000)]

Stack: [0x0000000002980000,0x0000000002a80000]
[error occurred during error reporting (printing stack bounds), id 0xc0000005]

Native frames: (J=compiled Java code, j=interpreted, Vv=VM code, C=native code)


---------------  P R O C E S S  ---------------

Java Threads: ( => current thread )

Other Threads:

=>0x0000000002a83000 (exited) JavaThread "Unknown thread" [_thread_in_vm, id=28576, stack(0x0000000002980000,0x0000000002a80000)]

VM state:not at safepoint (normal execution)

VM Mutex/Monitor currently owned by a thread: None

heap address: 0x0000000084000000, size: 1984 MB, Compressed Oops mode: 32-bit
Narrow klass base: 0x0000000000000000, Narrow klass shift: 3
Compressed class space size: 1073741824 Address: 0x0000000100000000

Heap:
 PSYoungGen      total 36864K, used 634K [0x00000000d6b00000, 0x00000000d9400000, 0x0000000100000000)
  eden space 31744K, 2% used [0x00000000d6b00000,0x00000000d6b9eb90,0x00000000d8a00000)
  from space 5120K, 0% used [0x00000000d8f00000,0x00000000d8f00000,0x00000000d9400000)
  to   space 5120K, 0% used [0x00000000d8a00000,0x00000000d8a00000,0x00000000d8f00000)
 ParOldGen       total 84992K, used 0K [0x0000000084000000, 0x0000000089300000, 0x00000000d6b00000)
  object space 84992K, 0% used [0x0000000084000000,0x0000000084000000,0x0000000089300000)
 Metaspace       used 777K, capacity 4480K, committed 4480K, reserved 1056768K
  class space    used 74K, capacity 384K, committed 384K, reserved 1048576K

Card table byte_map: [0x0000000011f40000,0x0000000012330000] byte_map_base: 0x0000000011b20000

Marking Bits: (ParMarkBitMap*) 0x0000000065479f30
 Begin Bits: [0x0000000012dd0000, 0x0000000014cd0000)
 End Bits:   [0x0000000014cd0000, 0x0000000016bd0000)

Polling page: 0x0000000000b50000

CodeCache: size=245760Kb used=328Kb max_used=328Kb free=245431Kb
 bounds [0x0000000002b80000, 0x0000000002df0000, 0x0000000011b80000]
 total_blobs=57 nmethods=0 adapters=38
 compilation: enabled

Compilation events (0 events):
No events

GC Heap History (0 events):
No events

Deoptimization events (0 events):
No events

Classes redefined (0 events):
No events

Internal exceptions (0 events):
No events

Events (10 events):
Event: 0.016 loading class java/lang/Short
Event: 0.016 loading class java/lang/Short done
Event: 0.016 loading class java/lang/Integer
Event: 0.016 loading class java/lang/Integer done
Event: 0.016 loading class java/lang/Long
Event: 0.016 loading class java/lang/Long done
Event: 0.017 loading class java/lang/NullPointerException
Event: 0.017 loading class java/lang/NullPointerException done
Event: 0.017 loading class java/lang/ArithmeticException
Event: 0.017 loading class java/lang/ArithmeticException done


Dynamic libraries:
0x00007ff668340000 - 0x00007ff668371000 	C:\Program Files\JetBrains\IntelliJ IDEA 2019.1.2\jre64\bin\java.exe
0x00007ffad5cb0000 - 0x00007ffad5ea8000 	C:\Windows\SYSTEM32\ntdll.dll
0x00007ffad3ed0000 - 0x00007ffad3f8f000 	C:\Windows\System32\KERNEL32.DLL
0x00007ffad3750000 - 0x00007ffad3a22000 	C:\Windows\System32\KERNELBASE.dll
0x00007ffad4f10000 - 0x00007ffad4fbe000 	C:\Windows\System32\ADVAPI32.dll
0x00007ffad4ff0000 - 0x00007ffad508e000 	C:\Windows\System32\msvcrt.dll
0x00007ffad5670000 - 0x00007ffad570c000 	C:\Windows\System32\sechost.dll
0x00007ffad5920000 - 0x00007ffad5a45000 	C:\Windows\System32\RPCRT4.dll
0x00007ffad3f90000 - 0x00007ffad4131000 	C:\Windows\System32\USER32.dll
0x00007ffad3440000 - 0x00007ffad3462000 	C:\Windows\System32\win32u.dll
0x00007ffad3e90000 - 0x00007ffad3ebb000 	C:\Windows\System32\GDI32.dll
0x00007ffad3b30000 - 0x00007ffad3c3f000 	C:\Windows\System32\gdi32full.dll
0x00007ffad33a0000 - 0x00007ffad343d000 	C:\Windows\System32\msvcp_win.dll
0x00007ffad3a30000 - 0x00007ffad3b30000 	C:\Windows\System32\ucrtbase.dll
0x00007ffaad070000 - 0x00007ffaad30a000 	C:\Windows\WinSxS\amd64_microsoft.windows.common-controls_6595b64144ccf1df_6.0.19041.1110_none_60b5254171f9507e\COMCTL32.dll
0x00007ffad5bd0000 - 0x00007ffad5c02000 	C:\Windows\System32\IMM32.DLL
0x0000000065a70000 - 0x0000000065a7c000 	C:\Program Files (x86)\360\Total Security\safemon\SafeWrapper.dll
0x00007ffa61300000 - 0x00007ffa61392000 	C:\Program Files (x86)\360\Total Security\safemon\libzdtp64.dll
0x00007ffad47c0000 - 0x00007ffad4f04000 	C:\Windows\System32\SHELL32.dll
0x00007ffad5090000 - 0x00007ffad50e5000 	C:\Windows\System32\SHLWAPI.dll
0x00007ffad2e50000 - 0x00007ffad2e5a000 	C:\Windows\SYSTEM32\VERSION.dll
0x0000000064bd0000 - 0x0000000064ca2000 	C:\Program Files\JetBrains\IntelliJ IDEA 2019.1.2\jre64\bin\msvcr100.dll
0x0000000064cb0000 - 0x00000000654f6000 	C:\Program Files\JetBrains\IntelliJ IDEA 2019.1.2\jre64\bin\server\jvm.dll
0x00007ffad3ec0000 - 0x00007ffad3ec8000 	C:\Windows\System32\PSAPI.DLL
0x00007ffabc140000 - 0x00007ffabc149000 	C:\Windows\SYSTEM32\WSOCK32.dll
0x00007ffabf540000 - 0x00007ffabf567000 	C:\Windows\SYSTEM32\WINMM.dll
0x00007ffad5a50000 - 0x00007ffad5abb000 	C:\Windows\System32\WS2_32.dll
0x00007ffab51d0000 - 0x00007ffab51df000 	C:\Program Files\JetBrains\IntelliJ IDEA 2019.1.2\jre64\bin\verify.dll
0x00007ffa93750000 - 0x00007ffa93779000 	C:\Program Files\JetBrains\IntelliJ IDEA 2019.1.2\jre64\bin\java.dll
0x00007ffa9eff0000 - 0x00007ffa9f006000 	C:\Program Files\JetBrains\IntelliJ IDEA 2019.1.2\jre64\bin\zip.dll

VM Arguments:
java_command: org.jetbrains.git4idea.http.GitAskPassApp Username for 'https://gitlab.com': 
java_class_path (initial): C:/Program Files/JetBrains/IntelliJ IDEA 2019.1.2/plugins/git4idea/lib/git4idea-rt.jar;C:/Program Files/JetBrains/IntelliJ IDEA 2019.1.2/lib/xmlrpc-2.0.1.jar;C:/Program Files/JetBrains/IntelliJ IDEA 2019.1.2/lib/commons-codec-1.10.jar;C:/Program Files/JetBrains/IntelliJ IDEA 2019.1.2/lib/util.jar
Launcher Type: SUN_STANDARD

Environment Variables:
JAVA_HOME=C:\Program Files\Java\jdk1.8.0_171
USERNAME=CALYPSO
DISPLAY=:0.0
OS=Windows_NT
PROCESSOR_IDENTIFIER=Intel64 Family 6 Model 126 Stepping 5, GenuineIntel



---------------  S Y S T E M  ---------------

OS: Windows 10.0 , 64 bit Build 19041 (10.0.19041.2364)

CPU:total 8 (initial active 8) (4 cores per cpu, 2 threads per core) family 6 model 126 stepping 5, cmov, cx8, fxsr, mmx, sse, sse2, sse3, ssse3, sse4.1, sse4.2, popcnt, avx, avx2, aes, clmul, erms, 3dnowpref, lzcnt, ht, tsc, tscinvbit, bmi1, bmi2, adx

Memory: 4k page, physical 8124788k(804328k free), swap 16868048k(5676k free)

vm_info: OpenJDK 64-Bit Server VM (25.202-b49) for windows-amd64 JRE (1.8.0_202-release-1483-b49), built on Apr 10 2019 16:54:32 by "builduser" with MS VC++ 10.0 (VS2010)

time: Wed Feb 15 10:49:26 2023
timezone: Afr. centrale Ouest
elapsed time: 0 seconds (0d 0h 0m 0s)

